<?xml version="1.0" encoding="UTF-8"?>
<!-- Generated by org.testng.reporters.JUnitReportReporter -->
<testsuite hostname="Kargo" failures="0" tests="1" name="tests.BaseClass" time="0.892" errors="0" timestamp="17 Jun 2022 05:17:15 GMT">
  <testcase classname="tests.BaseClass" name="welcome" time="0.892"/>
</testsuite> <!-- tests.BaseClass -->
